# JRE version: OpenJDK Runtime Environment (8.0_112-b06) (build 1.8.0_112-release-b06)
# Java VM: OpenJDK 64-Bit Server VM (25.112-b06 mixed mode windows-amd64 compressed oops)
Heap:
 PSYoungGen      total 139776K, used 45389K [0x00000000e0000000, 0x00000000eb500000, 0x0000000100000000)
  eden space 126976K, 35% used [0x00000000e0000000,0x00000000e2c534a8,0x00000000e7c00000)
  from space 12800K, 0% used [0x00000000e7c00000,0x00000000e7c00000,0x00000000e8880000)
  to   space 15360K, 0% used [0x00000000ea600000,0x00000000ea600000,0x00000000eb500000)
 ParOldGen       total 96768K, used 46555K [0x00000000a0000000, 0x00000000a5e80000, 0x00000000e0000000)
  object space 96768K, 48% used [0x00000000a0000000,0x00000000a2d76ca0,0x00000000a5e80000)
 Metaspace       used 57752K, capacity 59762K, committed 59904K, reserved 1101824K
  class space    used 7615K, capacity 8104K, committed 8192K, reserved 1048576K
GC Heap History (10 events):
Event: 17.776 GC heap before
{Heap before GC invocations=18 (full 2):
 PSYoungGen      total 89600K, used 89596K [0x00000000e0000000, 0x00000000e7b00000, 0x0000000100000000)
  eden space 81920K, 100% used [0x00000000e0000000,0x00000000e5000000,0x00000000e5000000)
  from space 7680K, 99% used [0x00000000e5000000,0x00000000e577f368,0x00000000e5780000)
  to   space 9728K, 0% used [0x00000000e7180000,0x00000000e7180000,0x00000000e7b00000)
 ParOldGen       total 52224K, used 19469K [0x00000000a0000000, 0x00000000a3300000, 0x00000000e0000000)
  object space 52224K, 37% used [0x00000000a0000000,0x00000000a13034e8,0x00000000a3300000)
 Metaspace       used 47559K, capacity 48680K, committed 48896K, reserved 1091584K
  class space    used 6264K, capacity 6545K, committed 6656K, reserved 1048576K
Event: 17.794 GC heap after
Heap after GC invocations=18 (full 2):
 PSYoungGen      total 116224K, used 4664K [0x00000000e0000000, 0x00000000e7a80000, 0x0000000100000000)
  eden space 107008K, 0% used [0x00000000e0000000,0x00000000e0000000,0x00000000e6880000)
  from space 9216K, 50% used [0x00000000e7180000,0x00000000e760e330,0x00000000e7a80000)
  to   space 9216K, 0% used [0x00000000e6880000,0x00000000e6880000,0x00000000e7180000)
 ParOldGen       total 52224K, used 24945K [0x00000000a0000000, 0x00000000a3300000, 0x00000000e0000000)
  object space 52224K, 47% used [0x00000000a0000000,0x00000000a185c480,0x00000000a3300000)
 Metaspace       used 47559K, capacity 48680K, committed 48896K, reserved 1091584K
  class space    used 6264K, capacity 6545K, committed 6656K, reserved 1048576K
}
Event: 20.875 GC heap before
{Heap before GC invocations=19 (full 2):
 PSYoungGen      total 116224K, used 111672K [0x00000000e0000000, 0x00000000e7a80000, 0x0000000100000000)
  eden space 107008K, 100% used [0x00000000e0000000,0x00000000e6880000,0x00000000e6880000)
  from space 9216K, 50% used [0x00000000e7180000,0x00000000e760e330,0x00000000e7a80000)
  to   space 9216K, 0% used [0x00000000e6880000,0x00000000e6880000,0x00000000e7180000)
 ParOldGen       total 52224K, used 24945K [0x00000000a0000000, 0x00000000a3300000, 0x00000000e0000000)
  object space 52224K, 47% used [0x00000000a0000000,0x00000000a185c480,0x00000000a3300000)
 Metaspace       used 52986K, capacity 54590K, committed 54912K, reserved 1097728K
  class space    used 7063K, capacity 7427K, committed 7552K, reserved 1048576K
Event: 20.915 GC heap after
Heap after GC invocations=19 (full 2):
 PSYoungGen      total 116224K, used 9185K [0x00000000e0000000, 0x00000000e9400000, 0x0000000100000000)
  eden space 107008K, 0% used [0x00000000e0000000,0x00000000e0000000,0x00000000e6880000)
  from space 9216K, 99% used [0x00000000e6880000,0x00000000e7178628,0x00000000e7180000)
  to   space 11776K, 0% used [0x00000000e8880000,0x00000000e8880000,0x00000000e9400000)
 ParOldGen       total 52224K, used 28119K [0x00000000a0000000, 0x00000000a3300000, 0x00000000e0000000)
  object space 52224K, 53% used [0x00000000a0000000,0x00000000a1b75d38,0x00000000a3300000)
 Metaspace       used 52986K, capacity 54590K, committed 54912K, reserved 1097728K
  class space    used 7063K, capacity 7427K, committed 7552K, reserved 1048576K
}
Event: 25.056 GC heap before
{Heap before GC invocations=20 (full 2):
 PSYoungGen      total 116224K, used 116193K [0x00000000e0000000, 0x00000000e9400000, 0x0000000100000000)
  eden space 107008K, 100% used [0x00000000e0000000,0x00000000e6880000,0x00000000e6880000)
  from space 9216K, 99% used [0x00000000e6880000,0x00000000e7178628,0x00000000e7180000)
  to   space 11776K, 0% used [0x00000000e8880000,0x00000000e8880000,0x00000000e9400000)
 ParOldGen       total 52224K, used 28119K [0x00000000a0000000, 0x00000000a3300000, 0x00000000e0000000)
  object space 52224K, 53% used [0x00000000a0000000,0x00000000a1b75d38,0x00000000a3300000)
 Metaspace       used 55268K, capacity 57194K, committed 57472K, reserved 1099776K
  class space    used 7317K, capacity 7787K, committed 7808K, reserved 1048576K
Event: 25.097 GC heap after
Heap after GC invocations=20 (full 2):
 PSYoungGen      total 138752K, used 11052K [0x00000000e0000000, 0x00000000e9500000, 0x0000000100000000)
  eden space 126976K, 0% used [0x00000000e0000000,0x00000000e0000000,0x00000000e7c00000)
  from space 11776K, 93% used [0x00000000e8880000,0x00000000e934b258,0x00000000e9400000)
  to   space 12800K, 0% used [0x00000000e7c00000,0x00000000e7c00000,0x00000000e8880000)
 ParOldGen       total 52224K, used 37069K [0x00000000a0000000, 0x00000000a3300000, 0x00000000e0000000)
  object space 52224K, 70% used [0x00000000a0000000,0x00000000a24335a8,0x00000000a3300000)
 Metaspace       used 55268K, capacity 57194K, committed 57472K, reserved 1099776K
  class space    used 7317K, capacity 7787K, committed 7808K, reserved 1048576K
}
Event: 25.844 GC heap before
{Heap before GC invocations=21 (full 2):
 PSYoungGen      total 138752K, used 42587K [0x00000000e0000000, 0x00000000e9500000, 0x0000000100000000)
  eden space 126976K, 24% used [0x00000000e0000000,0x00000000e1ecbbe8,0x00000000e7c00000)
  from space 11776K, 93% used [0x00000000e8880000,0x00000000e934b258,0x00000000e9400000)
  to   space 12800K, 0% used [0x00000000e7c00000,0x00000000e7c00000,0x00000000e8880000)
 ParOldGen       total 52224K, used 37069K [0x00000000a0000000, 0x00000000a3300000, 0x00000000e0000000)
  object space 52224K, 70% used [0x00000000a0000000,0x00000000a24335a8,0x00000000a3300000)
 Metaspace       used 56851K, capacity 58866K, committed 59008K, reserved 1099776K
  class space    used 7458K, capacity 7969K, committed 8064K, reserved 1048576K
Event: 25.871 GC heap after
Heap after GC invocations=21 (full 2):
 PSYoungGen      total 139776K, used 12800K [0x00000000e0000000, 0x00000000eb500000, 0x0000000100000000)
  eden space 126976K, 0% used [0x00000000e0000000,0x00000000e0000000,0x00000000e7c00000)
  from space 12800K, 100% used [0x00000000e7c00000,0x00000000e8880000,0x00000000e8880000)
  to   space 15360K, 0% used [0x00000000ea600000,0x00000000ea600000,0x00000000eb500000)
 ParOldGen       total 52224K, used 38649K [0x00000000a0000000, 0x00000000a3300000, 0x00000000e0000000)
  object space 52224K, 74% used [0x00000000a0000000,0x00000000a25be598,0x00000000a3300000)
 Metaspace       used 56851K, capacity 58866K, committed 59008K, reserved 1099776K
  class space    used 7458K, capacity 7969K, committed 8064K, reserved 1048576K
}
Event: 25.871 GC heap before
{Heap before GC invocations=22 (full 3):
 PSYoungGen      total 139776K, used 12800K [0x00000000e0000000, 0x00000000eb500000, 0x0000000100000000)
  eden space 126976K, 0% used [0x00000000e0000000,0x00000000e0000000,0x00000000e7c00000)
  from space 12800K, 100% used [0x00000000e7c00000,0x00000000e8880000,0x00000000e8880000)
  to   space 15360K, 0% used [0x00000000ea600000,0x00000000ea600000,0x00000000eb500000)
 ParOldGen       total 52224K, used 38649K [0x00000000a0000000, 0x00000000a3300000, 0x00000000e0000000)
  object space 52224K, 74% used [0x00000000a0000000,0x00000000a25be598,0x00000000a3300000)
 Metaspace       used 56851K, capacity 58866K, committed 59008K, reserved 1099776K
  class space    used 7458K, capacity 7969K, committed 8064K, reserved 1048576K
Event: 26.341 GC heap after
Heap after GC invocations=22 (full 3):
 PSYoungGen      total 139776K, used 0K [0x00000000e0000000, 0x00000000eb500000, 0x0000000100000000)
  eden space 126976K, 0% used [0x00000000e0000000,0x00000000e0000000,0x00000000e7c00000)
  from space 12800K, 0% used [0x00000000e7c00000,0x00000000e7c00000,0x00000000e8880000)
  to   space 15360K, 0% used [0x00000000ea600000,0x00000000ea600000,0x00000000eb500000)
 ParOldGen       total 96768K, used 46555K [0x00000000a0000000, 0x00000000a5e80000, 0x00000000e0000000)
  object space 96768K, 48% used [0x00000000a0000000,0x00000000a2d76ca0,0x00000000a5e80000)
 Metaspace       used 56851K, capacity 58866K, committed 59008K, reserved 1099776K
  class space    used 7458K, capacity 7969K, committed 8064K, reserved 1048576K
}

