# JRE version: OpenJDK Runtime Environment (8.0_112-b06) (build 1.8.0_112-release-b06)
# Java VM: OpenJDK 64-Bit Server VM (25.112-b06 mixed mode windows-amd64 compressed oops)
Heap:
 PSYoungGen      total 124416K, used 47174K [0x00000000e0000000, 0x00000000ead80000, 0x0000000100000000)
  eden space 103936K, 25% used [0x00000000e0000000,0x00000000e1a11ac0,0x00000000e6580000)
  from space 20480K, 99% used [0x00000000e6580000,0x00000000e797fff0,0x00000000e7980000)
  to   space 26624K, 0% used [0x00000000e9380000,0x00000000e9380000,0x00000000ead80000)
 ParOldGen       total 66048K, used 35958K [0x00000000a0000000, 0x00000000a4080000, 0x00000000e0000000)
  object space 66048K, 54% used [0x00000000a0000000,0x00000000a231d930,0x00000000a4080000)
 Metaspace       used 55840K, capacity 58012K, committed 58240K, reserved 1099776K
  class space    used 7460K, capacity 7953K, committed 8064K, reserved 1048576K
GC Heap History (10 events):
Event: 9.799 GC heap before
{Heap before GC invocations=15 (full 2):
 PSYoungGen      total 81408K, used 76113K [0x00000000e0000000, 0x00000000e5a80000, 0x0000000100000000)
  eden space 71168K, 100% used [0x00000000e0000000,0x00000000e4580000,0x00000000e4580000)
  from space 10240K, 48% used [0x00000000e5080000,0x00000000e55547a0,0x00000000e5a80000)
  to   space 10752K, 0% used [0x00000000e4580000,0x00000000e4580000,0x00000000e5000000)
 ParOldGen       total 66048K, used 18035K [0x00000000a0000000, 0x00000000a4080000, 0x00000000e0000000)
  object space 66048K, 27% used [0x00000000a0000000,0x00000000a119cd78,0x00000000a4080000)
 Metaspace       used 43192K, capacity 44212K, committed 44544K, reserved 1087488K
  class space    used 5780K, capacity 6053K, committed 6144K, reserved 1048576K
Event: 9.813 GC heap after
Heap after GC invocations=15 (full 2):
 PSYoungGen      total 81920K, used 9329K [0x00000000e0000000, 0x00000000e6b00000, 0x0000000100000000)
  eden space 71168K, 0% used [0x00000000e0000000,0x00000000e0000000,0x00000000e4580000)
  from space 10752K, 86% used [0x00000000e4580000,0x00000000e4e9c550,0x00000000e5000000)
  to   space 11776K, 0% used [0x00000000e5f80000,0x00000000e5f80000,0x00000000e6b00000)
 ParOldGen       total 66048K, used 18043K [0x00000000a0000000, 0x00000000a4080000, 0x00000000e0000000)
  object space 66048K, 27% used [0x00000000a0000000,0x00000000a119ed78,0x00000000a4080000)
 Metaspace       used 43192K, capacity 44212K, committed 44544K, reserved 1087488K
  class space    used 5780K, capacity 6053K, committed 6144K, reserved 1048576K
}
Event: 10.340 GC heap before
{Heap before GC invocations=16 (full 2):
 PSYoungGen      total 81920K, used 80497K [0x00000000e0000000, 0x00000000e6b00000, 0x0000000100000000)
  eden space 71168K, 100% used [0x00000000e0000000,0x00000000e4580000,0x00000000e4580000)
  from space 10752K, 86% used [0x00000000e4580000,0x00000000e4e9c550,0x00000000e5000000)
  to   space 11776K, 0% used [0x00000000e5f80000,0x00000000e5f80000,0x00000000e6b00000)
 ParOldGen       total 66048K, used 18043K [0x00000000a0000000, 0x00000000a4080000, 0x00000000e0000000)
  object space 66048K, 27% used [0x00000000a0000000,0x00000000a119ed78,0x00000000a4080000)
 Metaspace       used 44291K, capacity 45416K, committed 45696K, reserved 1089536K
  class space    used 5895K, capacity 6173K, committed 6272K, reserved 1048576K
Event: 10.359 GC heap after
Heap after GC invocations=16 (full 2):
 PSYoungGen      total 96768K, used 10628K [0x00000000e0000000, 0x00000000e7100000, 0x0000000100000000)
  eden space 84992K, 0% used [0x00000000e0000000,0x00000000e0000000,0x00000000e5300000)
  from space 11776K, 90% used [0x00000000e5f80000,0x00000000e69e10c8,0x00000000e6b00000)
  to   space 12800K, 0% used [0x00000000e5300000,0x00000000e5300000,0x00000000e5f80000)
 ParOldGen       total 66048K, used 18051K [0x00000000a0000000, 0x00000000a4080000, 0x00000000e0000000)
  object space 66048K, 27% used [0x00000000a0000000,0x00000000a11a0d78,0x00000000a4080000)
 Metaspace       used 44291K, capacity 45416K, committed 45696K, reserved 1089536K
  class space    used 5895K, capacity 6173K, committed 6272K, reserved 1048576K
}
Event: 11.860 GC heap before
{Heap before GC invocations=17 (full 2):
 PSYoungGen      total 96768K, used 95620K [0x00000000e0000000, 0x00000000e7100000, 0x0000000100000000)
  eden space 84992K, 100% used [0x00000000e0000000,0x00000000e5300000,0x00000000e5300000)
  from space 11776K, 90% used [0x00000000e5f80000,0x00000000e69e10c8,0x00000000e6b00000)
  to   space 12800K, 0% used [0x00000000e5300000,0x00000000e5300000,0x00000000e5f80000)
 ParOldGen       total 66048K, used 18051K [0x00000000a0000000, 0x00000000a4080000, 0x00000000e0000000)
  object space 66048K, 27% used [0x00000000a0000000,0x00000000a11a0d78,0x00000000a4080000)
 Metaspace       used 49271K, capacity 50852K, committed 51072K, reserved 1093632K
  class space    used 6653K, capacity 6999K, committed 7040K, reserved 1048576K
Event: 11.899 GC heap after
Heap after GC invocations=17 (full 2):
 PSYoungGen      total 97792K, used 12799K [0x00000000e0000000, 0x00000000e8900000, 0x0000000100000000)
  eden space 84992K, 0% used [0x00000000e0000000,0x00000000e0000000,0x00000000e5300000)
  from space 12800K, 99% used [0x00000000e5300000,0x00000000e5f7fff0,0x00000000e5f80000)
  to   space 15872K, 0% used [0x00000000e7980000,0x00000000e7980000,0x00000000e8900000)
 ParOldGen       total 66048K, used 22048K [0x00000000a0000000, 0x00000000a4080000, 0x00000000e0000000)
  object space 66048K, 33% used [0x00000000a0000000,0x00000000a15880c8,0x00000000a4080000)
 Metaspace       used 49271K, capacity 50852K, committed 51072K, reserved 1093632K
  class space    used 6653K, capacity 6999K, committed 7040K, reserved 1048576K
}
Event: 13.233 GC heap before
{Heap before GC invocations=18 (full 2):
 PSYoungGen      total 97792K, used 97791K [0x00000000e0000000, 0x00000000e8900000, 0x0000000100000000)
  eden space 84992K, 100% used [0x00000000e0000000,0x00000000e5300000,0x00000000e5300000)
  from space 12800K, 99% used [0x00000000e5300000,0x00000000e5f7fff0,0x00000000e5f80000)
  to   space 15872K, 0% used [0x00000000e7980000,0x00000000e7980000,0x00000000e8900000)
 ParOldGen       total 66048K, used 22048K [0x00000000a0000000, 0x00000000a4080000, 0x00000000e0000000)
  object space 66048K, 33% used [0x00000000a0000000,0x00000000a15880c8,0x00000000a4080000)
 Metaspace       used 51426K, capacity 53198K, committed 53504K, reserved 1095680K
  class space    used 6919K, capacity 7341K, committed 7424K, reserved 1048576K
Event: 13.264 GC heap after
Heap after GC invocations=18 (full 2):
 PSYoungGen      total 119808K, used 15871K [0x00000000e0000000, 0x00000000e9280000, 0x0000000100000000)
  eden space 103936K, 0% used [0x00000000e0000000,0x00000000e0000000,0x00000000e6580000)
  from space 15872K, 99% used [0x00000000e7980000,0x00000000e88ffff0,0x00000000e8900000)
  to   space 20480K, 0% used [0x00000000e6580000,0x00000000e6580000,0x00000000e7980000)
 ParOldGen       total 66048K, used 27824K [0x00000000a0000000, 0x00000000a4080000, 0x00000000e0000000)
  object space 66048K, 42% used [0x00000000a0000000,0x00000000a1b2c1e8,0x00000000a4080000)
 Metaspace       used 51426K, capacity 53198K, committed 53504K, reserved 1095680K
  class space    used 6919K, capacity 7341K, committed 7424K, reserved 1048576K
}
Event: 15.377 GC heap before
{Heap before GC invocations=19 (full 2):
 PSYoungGen      total 119808K, used 119807K [0x00000000e0000000, 0x00000000e9280000, 0x0000000100000000)
  eden space 103936K, 100% used [0x00000000e0000000,0x00000000e6580000,0x00000000e6580000)
  from space 15872K, 99% used [0x00000000e7980000,0x00000000e88ffff0,0x00000000e8900000)
  to   space 20480K, 0% used [0x00000000e6580000,0x00000000e6580000,0x00000000e7980000)
 ParOldGen       total 66048K, used 27824K [0x00000000a0000000, 0x00000000a4080000, 0x00000000e0000000)
  object space 66048K, 42% used [0x00000000a0000000,0x00000000a1b2c1e8,0x00000000a4080000)
 Metaspace       used 55071K, capacity 56924K, committed 57216K, reserved 1099776K
  class space    used 7308K, capacity 7755K, committed 7808K, reserved 1048576K
Event: 15.428 GC heap after
Heap after GC invocations=19 (full 2):
 PSYoungGen      total 124416K, used 20479K [0x00000000e0000000, 0x00000000ead80000, 0x0000000100000000)
  eden space 103936K, 0% used [0x00000000e0000000,0x00000000e0000000,0x00000000e6580000)
  from space 20480K, 99% used [0x00000000e6580000,0x00000000e797fff0,0x00000000e7980000)
  to   space 26624K, 0% used [0x00000000e9380000,0x00000000e9380000,0x00000000ead80000)
 ParOldGen       total 66048K, used 35958K [0x00000000a0000000, 0x00000000a4080000, 0x00000000e0000000)
  object space 66048K, 54% used [0x00000000a0000000,0x00000000a231d930,0x00000000a4080000)
 Metaspace       used 55071K, capacity 56924K, committed 57216K, reserved 1099776K
  class space    used 7308K, capacity 7755K, committed 7808K, reserved 1048576K
}

